<?xml version="1.0" encoding="UTF-8"?>
<!-- Generated by org.testng.reporters.JUnitReportReporter -->
<testsuite skipped="0" hostname="HPANIKET" name="runner.Browser_Login" tests="1" failures="0" timestamp="16 Feb 2021 12:23:39 GMT" time="38.859" errors="0">
  <testcase name="runTest" time="38.859" classname="runner.Browser_Login"/>
</testsuite> <!-- runner.Browser_Login -->
